# JRE version: OpenJDK Runtime Environment Temurin-21.0.9+10 (21.0.9+10) (build 21.0.9+10-LTS)
# Java VM: OpenJDK 64-Bit Server VM Temurin-21.0.9+10 (21.0.9+10-LTS, mixed mode, sharing, tiered, compressed oops, compressed class ptrs, parallel gc, windows-amd64)
GC Precious Log:
 CardTable entry size: 512
 CPUs: 12 total, 12 available
 Memory: 16181M
 Large Page Support: Disabled
 NUMA Support: Disabled
 Compressed Oops: Enabled (32-bit)
 Alignments: Space 512K, Generation 512K, Heap 2M
 Heap Min Capacity: 100M
 Heap Initial Capacity: 100M
 Heap Max Capacity: 2G
 Pre-touch: Disabled
 Parallel Workers: 10
Heap:
 PSYoungGen      total 36352K, used 35919K [0x00000000d5580000, 0x00000000d7d00000, 0x0000000100000000)
  eden space 33280K, 98% used [0x00000000d5580000,0x00000000d7596b20,0x00000000d7600000)
  from space 3072K, 99% used [0x00000000d7a00000,0x00000000d7cfd2e0,0x00000000d7d00000)
  to   space 3584K, 0% used [0x00000000d7680000,0x00000000d7680000,0x00000000d7a00000)
 ParOldGen       total 68608K, used 29476K [0x0000000080000000, 0x0000000084300000, 0x00000000d5580000)
  object space 68608K, 42% used [0x0000000080000000,0x0000000081cc90c8,0x0000000084300000)
 Metaspace       used 39261K, committed 40320K, reserved 1114112K
  class space    used 4047K, committed 4544K, reserved 1048576K
GC Heap History (20 events):
Event: 36.874 GC heap before
{Heap before GC invocations=9 (full 1):
 PSYoungGen      total 26112K, used 25708K [0x00000000d5580000, 0x00000000d7400000, 0x0000000100000000)
  eden space 23552K, 99% used [0x00000000d5580000,0x00000000d6c7fff8,0x00000000d6c80000)
  from space 2560K, 84% used [0x00000000d6d00000,0x00000000d6f1b168,0x00000000d6f80000)
  to   space 3584K, 0% used [0x00000000d7080000,0x00000000d7080000,0x00000000d7400000)
 ParOldGen       total 68608K, used 10076K [0x0000000080000000, 0x0000000084300000, 0x00000000d5580000)
  object space 68608K, 14% used [0x0000000080000000,0x00000000809d7158,0x0000000084300000)
 Metaspace       used 27917K, committed 28736K, reserved 1114112K
  class space    used 2804K, committed 3200K, reserved 1048576K
}
Event: 36.876 GC heap after
{Heap after GC invocations=9 (full 1):
 PSYoungGen      total 26624K, used 3141K [0x00000000d5580000, 0x00000000d7400000, 0x0000000100000000)
  eden space 23040K, 0% used [0x00000000d5580000,0x00000000d5580000,0x00000000d6c00000)
  from space 3584K, 87% used [0x00000000d7080000,0x00000000d73916c0,0x00000000d7400000)
  to   space 3584K, 0% used [0x00000000d6d00000,0x00000000d6d00000,0x00000000d7080000)
 ParOldGen       total 68608K, used 10084K [0x0000000080000000, 0x0000000084300000, 0x00000000d5580000)
  object space 68608K, 14% used [0x0000000080000000,0x00000000809d9158,0x0000000084300000)
 Metaspace       used 27917K, committed 28736K, reserved 1114112K
  class space    used 2804K, committed 3200K, reserved 1048576K
}
Event: 37.284 GC heap before
{Heap before GC invocations=10 (full 1):
 PSYoungGen      total 26624K, used 26181K [0x00000000d5580000, 0x00000000d7400000, 0x0000000100000000)
  eden space 23040K, 100% used [0x00000000d5580000,0x00000000d6c00000,0x00000000d6c00000)
  from space 3584K, 87% used [0x00000000d7080000,0x00000000d73916c0,0x00000000d7400000)
  to   space 3584K, 0% used [0x00000000d6d00000,0x00000000d6d00000,0x00000000d7080000)
 ParOldGen       total 68608K, used 10084K [0x0000000080000000, 0x0000000084300000, 0x00000000d5580000)
  object space 68608K, 14% used [0x0000000080000000,0x00000000809d9158,0x0000000084300000)
 Metaspace       used 30298K, committed 31168K, reserved 1114112K
  class space    used 3071K, committed 3456K, reserved 1048576K
}
Event: 37.287 GC heap after
{Heap after GC invocations=10 (full 1):
 PSYoungGen      total 26112K, used 3579K [0x00000000d5580000, 0x00000000d7580000, 0x0000000100000000)
  eden space 22528K, 0% used [0x00000000d5580000,0x00000000d5580000,0x00000000d6b80000)
  from space 3584K, 99% used [0x00000000d6d00000,0x00000000d707ec60,0x00000000d7080000)
  to   space 5120K, 0% used [0x00000000d7080000,0x00000000d7080000,0x00000000d7580000)
 ParOldGen       total 68608K, used 10940K [0x0000000080000000, 0x0000000084300000, 0x00000000d5580000)
  object space 68608K, 15% used [0x0000000080000000,0x0000000080aaf158,0x0000000084300000)
 Metaspace       used 30298K, committed 31168K, reserved 1114112K
  class space    used 3071K, committed 3456K, reserved 1048576K
}
Event: 37.785 GC heap before
{Heap before GC invocations=11 (full 1):
 PSYoungGen      total 26112K, used 26107K [0x00000000d5580000, 0x00000000d7580000, 0x0000000100000000)
  eden space 22528K, 100% used [0x00000000d5580000,0x00000000d6b80000,0x00000000d6b80000)
  from space 3584K, 99% used [0x00000000d6d00000,0x00000000d707ec60,0x00000000d7080000)
  to   space 5120K, 0% used [0x00000000d7080000,0x00000000d7080000,0x00000000d7580000)
 ParOldGen       total 68608K, used 10940K [0x0000000080000000, 0x0000000084300000, 0x00000000d5580000)
  object space 68608K, 15% used [0x0000000080000000,0x0000000080aaf158,0x0000000084300000)
 Metaspace       used 33564K, committed 34496K, reserved 1114112K
  class space    used 3459K, committed 3840K, reserved 1048576K
}
Event: 37.788 GC heap after
{Heap after GC invocations=11 (full 1):
 PSYoungGen      total 24576K, used 2475K [0x00000000d5580000, 0x00000000d7300000, 0x0000000100000000)
  eden space 22016K, 0% used [0x00000000d5580000,0x00000000d5580000,0x00000000d6b00000)
  from space 2560K, 96% used [0x00000000d7080000,0x00000000d72eac48,0x00000000d7300000)
  to   space 3584K, 0% used [0x00000000d6c00000,0x00000000d6c00000,0x00000000d6f80000)
 ParOldGen       total 68608K, used 13205K [0x0000000080000000, 0x0000000084300000, 0x00000000d5580000)
  object space 68608K, 19% used [0x0000000080000000,0x0000000080ce5578,0x0000000084300000)
 Metaspace       used 33564K, committed 34496K, reserved 1114112K
  class space    used 3459K, committed 3840K, reserved 1048576K
}
Event: 37.925 GC heap before
{Heap before GC invocations=12 (full 1):
 PSYoungGen      total 24576K, used 24491K [0x00000000d5580000, 0x00000000d7300000, 0x0000000100000000)
  eden space 22016K, 100% used [0x00000000d5580000,0x00000000d6b00000,0x00000000d6b00000)
  from space 2560K, 96% used [0x00000000d7080000,0x00000000d72eac48,0x00000000d7300000)
  to   space 3584K, 0% used [0x00000000d6c00000,0x00000000d6c00000,0x00000000d6f80000)
 ParOldGen       total 68608K, used 13205K [0x0000000080000000, 0x0000000084300000, 0x00000000d5580000)
  object space 68608K, 19% used [0x0000000080000000,0x0000000080ce5578,0x0000000084300000)
 Metaspace       used 34338K, committed 35392K, reserved 1114112K
  class space    used 3542K, committed 4032K, reserved 1048576K
}
Event: 40.108 GC heap after
{Heap after GC invocations=12 (full 1):
 PSYoungGen      total 26624K, used 2368K [0x00000000d5580000, 0x00000000d7d00000, 0x0000000100000000)
  eden space 23040K, 0% used [0x00000000d5580000,0x00000000d5580000,0x00000000d6c00000)
  from space 3584K, 66% used [0x00000000d6c00000,0x00000000d6e50030,0x00000000d6f80000)
  to   space 2560K, 0% used [0x00000000d7a80000,0x00000000d7a80000,0x00000000d7d00000)
 ParOldGen       total 68608K, used 15465K [0x0000000080000000, 0x0000000084300000, 0x00000000d5580000)
  object space 68608K, 22% used [0x0000000080000000,0x0000000080f1a460,0x0000000084300000)
 Metaspace       used 34338K, committed 35392K, reserved 1114112K
  class space    used 3542K, committed 4032K, reserved 1048576K
}
Event: 40.210 GC heap before
{Heap before GC invocations=13 (full 1):
 PSYoungGen      total 26624K, used 22381K [0x00000000d5580000, 0x00000000d7d00000, 0x0000000100000000)
  eden space 23040K, 86% used [0x00000000d5580000,0x00000000d690b670,0x00000000d6c00000)
  from space 3584K, 66% used [0x00000000d6c00000,0x00000000d6e50030,0x00000000d6f80000)
  to   space 2560K, 0% used [0x00000000d7a80000,0x00000000d7a80000,0x00000000d7d00000)
 ParOldGen       total 68608K, used 15465K [0x0000000080000000, 0x0000000084300000, 0x00000000d5580000)
  object space 68608K, 22% used [0x0000000080000000,0x0000000080f1a460,0x0000000084300000)
 Metaspace       used 34810K, committed 35840K, reserved 1114112K
  class space    used 3630K, committed 4096K, reserved 1048576K
}
Event: 40.214 GC heap after
{Heap after GC invocations=13 (full 1):
 PSYoungGen      total 37888K, used 2462K [0x00000000d5580000, 0x00000000d7d00000, 0x0000000100000000)
  eden space 35328K, 0% used [0x00000000d5580000,0x00000000d5580000,0x00000000d7800000)
  from space 2560K, 96% used [0x00000000d7a80000,0x00000000d7ce7920,0x00000000d7d00000)
  to   space 2560K, 0% used [0x00000000d7800000,0x00000000d7800000,0x00000000d7a80000)
 ParOldGen       total 68608K, used 17629K [0x0000000080000000, 0x0000000084300000, 0x00000000d5580000)
  object space 68608K, 25% used [0x0000000080000000,0x00000000811377e8,0x0000000084300000)
 Metaspace       used 34810K, committed 35840K, reserved 1114112K
  class space    used 3630K, committed 4096K, reserved 1048576K
}
Event: 40.214 GC heap before
{Heap before GC invocations=14 (full 2):
 PSYoungGen      total 37888K, used 2462K [0x00000000d5580000, 0x00000000d7d00000, 0x0000000100000000)
  eden space 35328K, 0% used [0x00000000d5580000,0x00000000d5580000,0x00000000d7800000)
  from space 2560K, 96% used [0x00000000d7a80000,0x00000000d7ce7920,0x00000000d7d00000)
  to   space 2560K, 0% used [0x00000000d7800000,0x00000000d7800000,0x00000000d7a80000)
 ParOldGen       total 68608K, used 17629K [0x0000000080000000, 0x0000000084300000, 0x00000000d5580000)
  object space 68608K, 25% used [0x0000000080000000,0x00000000811377e8,0x0000000084300000)
 Metaspace       used 34810K, committed 35840K, reserved 1114112K
  class space    used 3630K, committed 4096K, reserved 1048576K
}
Event: 40.240 GC heap after
{Heap after GC invocations=14 (full 2):
 PSYoungGen      total 37888K, used 0K [0x00000000d5580000, 0x00000000d7d00000, 0x0000000100000000)
  eden space 35328K, 0% used [0x00000000d5580000,0x00000000d5580000,0x00000000d7800000)
  from space 2560K, 0% used [0x00000000d7a80000,0x00000000d7a80000,0x00000000d7d00000)
  to   space 2560K, 0% used [0x00000000d7800000,0x00000000d7800000,0x00000000d7a80000)
 ParOldGen       total 68608K, used 18614K [0x0000000080000000, 0x0000000084300000, 0x00000000d5580000)
  object space 68608K, 27% used [0x0000000080000000,0x000000008122da98,0x0000000084300000)
 Metaspace       used 34784K, committed 35840K, reserved 1114112K
  class space    used 3622K, committed 4096K, reserved 1048576K
}
Event: 40.348 GC heap before
{Heap before GC invocations=15 (full 2):
 PSYoungGen      total 37888K, used 35328K [0x00000000d5580000, 0x00000000d7d00000, 0x0000000100000000)
  eden space 35328K, 100% used [0x00000000d5580000,0x00000000d7800000,0x00000000d7800000)
  from space 2560K, 0% used [0x00000000d7a80000,0x00000000d7a80000,0x00000000d7d00000)
  to   space 2560K, 0% used [0x00000000d7800000,0x00000000d7800000,0x00000000d7a80000)
 ParOldGen       total 68608K, used 18614K [0x0000000080000000, 0x0000000084300000, 0x00000000d5580000)
  object space 68608K, 27% used [0x0000000080000000,0x000000008122da98,0x0000000084300000)
 Metaspace       used 35212K, committed 36224K, reserved 1114112K
  class space    used 3696K, committed 4160K, reserved 1048576K
}
Event: 40.350 GC heap after
{Heap after GC invocations=15 (full 2):
 PSYoungGen      total 36864K, used 2530K [0x00000000d5580000, 0x00000000d7f00000, 0x0000000100000000)
  eden space 34304K, 0% used [0x00000000d5580000,0x00000000d5580000,0x00000000d7700000)
  from space 2560K, 98% used [0x00000000d7800000,0x00000000d7a78850,0x00000000d7a80000)
  to   space 4096K, 0% used [0x00000000d7b00000,0x00000000d7b00000,0x00000000d7f00000)
 ParOldGen       total 68608K, used 19686K [0x0000000080000000, 0x0000000084300000, 0x00000000d5580000)
  object space 68608K, 28% used [0x0000000080000000,0x0000000081339a98,0x0000000084300000)
 Metaspace       used 35212K, committed 36224K, reserved 1114112K
  class space    used 3696K, committed 4160K, reserved 1048576K
}
Event: 40.429 GC heap before
{Heap before GC invocations=16 (full 2):
 PSYoungGen      total 36864K, used 36834K [0x00000000d5580000, 0x00000000d7f00000, 0x0000000100000000)
  eden space 34304K, 100% used [0x00000000d5580000,0x00000000d7700000,0x00000000d7700000)
  from space 2560K, 98% used [0x00000000d7800000,0x00000000d7a78850,0x00000000d7a80000)
  to   space 4096K, 0% used [0x00000000d7b00000,0x00000000d7b00000,0x00000000d7f00000)
 ParOldGen       total 68608K, used 19686K [0x0000000080000000, 0x0000000084300000, 0x00000000d5580000)
  object space 68608K, 28% used [0x0000000080000000,0x0000000081339a98,0x0000000084300000)
 Metaspace       used 35427K, committed 36416K, reserved 1114112K
  class space    used 3709K, committed 4160K, reserved 1048576K
}
Event: 40.433 GC heap after
{Heap after GC invocations=16 (full 2):
 PSYoungGen      total 37376K, used 3556K [0x00000000d5580000, 0x00000000d7e80000, 0x0000000100000000)
  eden space 33792K, 0% used [0x00000000d5580000,0x00000000d5580000,0x00000000d7680000)
  from space 3584K, 99% used [0x00000000d7b00000,0x00000000d7e79010,0x00000000d7e80000)
  to   space 4096K, 0% used [0x00000000d7680000,0x00000000d7680000,0x00000000d7a80000)
 ParOldGen       total 68608K, used 22073K [0x0000000080000000, 0x0000000084300000, 0x00000000d5580000)
  object space 68608K, 32% used [0x0000000080000000,0x000000008158e7d8,0x0000000084300000)
 Metaspace       used 35427K, committed 36416K, reserved 1114112K
  class space    used 3709K, committed 4160K, reserved 1048576K
}
Event: 40.506 GC heap before
{Heap before GC invocations=17 (full 2):
 PSYoungGen      total 37376K, used 37348K [0x00000000d5580000, 0x00000000d7e80000, 0x0000000100000000)
  eden space 33792K, 100% used [0x00000000d5580000,0x00000000d7680000,0x00000000d7680000)
  from space 3584K, 99% used [0x00000000d7b00000,0x00000000d7e79010,0x00000000d7e80000)
  to   space 4096K, 0% used [0x00000000d7680000,0x00000000d7680000,0x00000000d7a80000)
 ParOldGen       total 68608K, used 22073K [0x0000000080000000, 0x0000000084300000, 0x00000000d5580000)
  object space 68608K, 32% used [0x0000000080000000,0x000000008158e7d8,0x0000000084300000)
 Metaspace       used 35764K, committed 36800K, reserved 1114112K
  class space    used 3726K, committed 4224K, reserved 1048576K
}
Event: 40.510 GC heap after
{Heap after GC invocations=17 (full 2):
 PSYoungGen      total 36864K, used 3424K [0x00000000d5580000, 0x00000000d7d00000, 0x0000000100000000)
  eden space 33280K, 0% used [0x00000000d5580000,0x00000000d5580000,0x00000000d7600000)
  from space 3584K, 95% used [0x00000000d7680000,0x00000000d79d8020,0x00000000d7a00000)
  to   space 3072K, 0% used [0x00000000d7a00000,0x00000000d7a00000,0x00000000d7d00000)
 ParOldGen       total 68608K, used 25448K [0x0000000080000000, 0x0000000084300000, 0x00000000d5580000)
  object space 68608K, 37% used [0x0000000080000000,0x00000000818da228,0x0000000084300000)
 Metaspace       used 35764K, committed 36800K, reserved 1114112K
  class space    used 3726K, committed 4224K, reserved 1048576K
}
Event: 41.859 GC heap before
{Heap before GC invocations=18 (full 2):
 PSYoungGen      total 36864K, used 36691K [0x00000000d5580000, 0x00000000d7d00000, 0x0000000100000000)
  eden space 33280K, 99% used [0x00000000d5580000,0x00000000d75fcd90,0x00000000d7600000)
  from space 3584K, 95% used [0x00000000d7680000,0x00000000d79d8020,0x00000000d7a00000)
  to   space 3072K, 0% used [0x00000000d7a00000,0x00000000d7a00000,0x00000000d7d00000)
 ParOldGen       total 68608K, used 25448K [0x0000000080000000, 0x0000000084300000, 0x00000000d5580000)
  object space 68608K, 37% used [0x0000000080000000,0x00000000818da228,0x0000000084300000)
 Metaspace       used 37555K, committed 38592K, reserved 1114112K
  class space    used 3880K, committed 4352K, reserved 1048576K
}
Event: 43.885 GC heap after
{Heap after GC invocations=18 (full 2):
 PSYoungGen      total 36352K, used 3060K [0x00000000d5580000, 0x00000000d7d00000, 0x0000000100000000)
  eden space 33280K, 0% used [0x00000000d5580000,0x00000000d5580000,0x00000000d7600000)
  from space 3072K, 99% used [0x00000000d7a00000,0x00000000d7cfd2e0,0x00000000d7d00000)
  to   space 3584K, 0% used [0x00000000d7680000,0x00000000d7680000,0x00000000d7a00000)
 ParOldGen       total 68608K, used 29476K [0x0000000080000000, 0x0000000084300000, 0x00000000d5580000)
  object space 68608K, 42% used [0x0000000080000000,0x0000000081cc90c8,0x0000000084300000)
 Metaspace       used 37555K, committed 38592K, reserved 1114112K
  class space    used 3880K, committed 4352K, reserved 1048576K
}

